<?xml version="1.0" encoding="UTF-8"?>
<!-- Generated by org.testng.reporters.JUnitReportReporter -->
<testsuite hostname="SDGL1163" failures="0" tests="1" name="testCases.TC001_AccountregistrationTest" time="10.504" errors="0" timestamp="2025-06-24T20:04:50 IST" skipped="0">
  <testcase classname="testCases.TC001_AccountregistrationTest" name="account_Verification" time="10.504"/>
</testsuite> <!-- testCases.TC001_AccountregistrationTest -->
