<?xml version="1.0" encoding="UTF-8"?>
<!-- Generated by org.testng.reporters.JUnitReportReporter -->
<testsuite hostname="SDGL1163" failures="0" tests="4" name="testCases.TC_003_LoginDDT" time="42.552" errors="0" timestamp="2025-03-29T12:42:41 IST" skipped="0">
  <testcase classname="testCases.TC_003_LoginDDT" name="verify_LoginDDT" time="6.705"/>
  <testcase classname="testCases.TC_003_LoginDDT" name="verify_LoginDDT" time="15.125"/>
  <testcase classname="testCases.TC_003_LoginDDT" name="verify_LoginDDT" time="14.977"/>
  <testcase classname="testCases.TC_003_LoginDDT" name="verify_LoginDDT" time="5.745"/>
</testsuite> <!-- testCases.TC_003_LoginDDT -->
